2025-02-02 07:33:19,773 - INFO - Started monitoring for new files...
2025-02-02 07:39:57,831 - INFO - Started monitoring for new files...
2025-02-02 07:56:26,584 - INFO - Processing new file: ./input/cover letter generator.pdf
2025-02-02 07:56:26,585 - ERROR - Failed to process file ./input/cover letter generator.pdf: No /Root object! - Is this really a PDF?
2025-02-02 07:56:26,586 - ERROR - Failed to process new file ./input/cover letter generator.pdf: No /Root object! - Is this really a PDF?
2025-02-02 07:57:17,241 - INFO - Processing new file: ./input/sample_contract.pdf
2025-02-02 07:57:18,881 - ERROR - API Error: 422 Client Error: Unprocessable Entity for url: https://api-inference.huggingface.co/models/mistralai/Mixtral-8x7B-Instruct-v0.1
2025-02-02 07:57:18,881 - ERROR - Failed to process file ./input/sample_contract.pdf: 422 Client Error: Unprocessable Entity for url: https://api-inference.huggingface.co/models/mistralai/Mixtral-8x7B-Instruct-v0.1
2025-02-02 07:57:18,882 - ERROR - Failed to process new file ./input/sample_contract.pdf: 422 Client Error: Unprocessable Entity for url: https://api-inference.huggingface.co/models/mistralai/Mixtral-8x7B-Instruct-v0.1
2025-02-02 08:00:44,232 - INFO - Started monitoring directory: ./input
2025-02-02 08:01:19,112 - INFO - Processing new file: ./input/sample_contract.pdf
2025-02-02 08:01:20,961 - WARNING - API call failed, retrying in 10s: 503 Server Error: Service Unavailable for url: https://api-inference.huggingface.co/models/gpt2
2025-02-02 08:01:33,683 - WARNING - API call failed, retrying in 20s: 503 Server Error: Service Unavailable for url: https://api-inference.huggingface.co/models/gpt2
2025-02-02 08:02:31,623 - ERROR - Failed to process new file ./input/sample_contract.pdf: Failed to insert document: SQLite objects created in a thread can only be used in that same thread. The object was created in thread id 128783533544960 and this is thread id 128783373829824.
2025-02-02 08:06:15,831 - INFO - Started monitoring directory: ./input
2025-02-02 08:06:32,164 - INFO - Processing file: ./input/sample_contract.pdf
2025-02-02 08:06:35,730 - INFO - Successfully processed file: ./input/sample_contract.pdf
2025-02-02 08:24:18,365 - INFO - Started monitoring directory: ./input
2025-02-02 08:24:24,429 - INFO - Processing file: ./input/sample_contract.pdf
2025-02-02 08:26:30,992 - ERROR - Failed to process file ./input/sample_contract.pdf: Analysis failed: API call failed after 5 attempts: 400 Client Error: Bad Request for url: https://api-inference.huggingface.co/models/cross-encoder/nli-roberta-base
2025-02-02 08:32:39,525 - INFO - Started monitoring directory: ./input
2025-02-02 08:32:43,538 - INFO - Processing file: ./input/sample_contract.pdf
2025-02-02 08:33:28,113 - INFO - Successfully processed file: ./input/sample_contract.pdf
2025-02-02 08:51:16,265 - INFO - Started monitoring directory: ./input
2025-02-02 08:51:21,854 - INFO - Processing file: ./input/sample_contract.pdf
2025-02-02 08:51:31,684 - ERROR - Failed to process file ./input/sample_contract.pdf: Analysis failed: list indices must be integers or slices, not str
2025-02-02 08:54:15,818 - INFO - Started monitoring directory: ./input
2025-02-02 08:54:26,607 - INFO - Processing file: ./input/sample_contract.pdf
2025-02-02 08:54:33,467 - INFO - Successfully processed file: ./input/sample_contract.pdf
2025-02-02 08:58:43,822 - INFO - Started monitoring directory: ./input
2025-02-02 08:58:56,359 - INFO - Processing file: ./input/sample_contract.pdf
2025-02-02 08:59:06,055 - INFO - Successfully processed file: ./input/sample_contract.pdf
2025-02-02 09:04:04,615 - INFO - Started monitoring directory: ./input
2025-02-02 09:04:17,912 - INFO - Processing file: ./input/sample_contract.pdf
2025-02-02 09:05:19,051 - INFO - Successfully processed file: ./input/sample_contract.pdf
2025-02-02 09:06:42,231 - INFO - Started monitoring directory: ./input
2025-02-02 09:06:53,913 - INFO - Processing file: ./input/sample_contract.pdf
2025-02-02 09:07:53,601 - INFO - Successfully processed file: ./input/sample_contract.pdf
2025-02-02 09:11:26,957 - INFO - Started monitoring directory: ./input
2025-02-02 09:11:50,901 - INFO - Processing file: ./input/sample_contract.pdf
2025-02-02 09:12:42,923 - INFO - Successfully processed file: ./input/sample_contract.pdf
2025-02-02 09:16:39,282 - INFO - Started monitoring directory: ./input
2025-02-02 09:16:59,168 - INFO - Processing file: ./input/detailed_contract.pdf
2025-02-02 09:19:02,307 - INFO - Successfully processed file: ./input/detailed_contract.pdf
2025-02-02 09:28:43,374 - INFO - Started monitoring directory: ./input
2025-02-02 09:29:05,248 - INFO - Processing file: ./input/detailed_contract.pdf
2025-02-02 09:30:40,921 - INFO - Successfully processed file: ./input/detailed_contract.pdf
2025-02-02 09:34:47,105 - INFO - Processing file: ./input/Untitled document.pdf.crdownload
2025-02-02 09:34:47,106 - WARNING - Unsupported file type: ./input/Untitled document.pdf.crdownload
2025-02-02 09:34:47,106 - INFO - Processing file: ./input/Untitled document.pdf.crdownload
2025-02-02 09:34:47,106 - WARNING - Unsupported file type: ./input/Untitled document.pdf.crdownload
2025-02-02 09:34:47,107 - INFO - Processing file: ./input/Untitled document.pdf
2025-02-02 09:37:24,526 - INFO - Successfully processed file: ./input/Untitled document.pdf
2025-02-02 09:46:58,747 - INFO - Started monitoring directory: ./input
2025-02-02 09:47:06,319 - INFO - Processing file: ./input/Section 1 Poor Financial.txt
2025-02-02 09:47:15,771 - INFO - Successfully processed file: ./input/Section 1 Poor Financial.txt
2025-02-02 09:50:58,591 - INFO - Started monitoring directory: ./input
2025-02-02 09:51:12,894 - INFO - Processing file: ./input/Section 1 Poor Financial.txt
2025-02-02 09:51:12,896 - ERROR - Failed to process file ./input/Section 1 Poor Financial.txt: 
**********************************************************************
  Resource [93mpunkt_tab[0m not found.
  Please use the NLTK Downloader to obtain the resource:

  [31m>>> import nltk
  >>> nltk.download('punkt_tab')
  [0m
  For more information see: https://www.nltk.org/data.html

  Attempted to load [93mtokenizers/punkt_tab/english/[0m

  Searched in:
    - '/home/waqar/nltk_data'
    - '/home/waqar/anaconda3/envs/my_ML_env/nltk_data'
    - '/home/waqar/anaconda3/envs/my_ML_env/share/nltk_data'
    - '/home/waqar/anaconda3/envs/my_ML_env/lib/nltk_data'
    - '/usr/share/nltk_data'
    - '/usr/local/share/nltk_data'
    - '/usr/lib/nltk_data'
    - '/usr/local/lib/nltk_data'
**********************************************************************

2025-02-02 09:54:58,148 - INFO - Started monitoring directory: ./input
2025-02-02 09:55:06,321 - INFO - Processing file: ./input/Untitled document.pdf
2025-02-02 09:55:06,482 - ERROR - Failed to process file ./input/Untitled document.pdf: 
**********************************************************************
  Resource [93mpunkt_tab[0m not found.
  Please use the NLTK Downloader to obtain the resource:

  [31m>>> import nltk
  >>> nltk.download('punkt_tab')
  [0m
  For more information see: https://www.nltk.org/data.html

  Attempted to load [93mtokenizers/punkt_tab/english/[0m

  Searched in:
    - '/home/waqar/nltk_data'
    - '/home/waqar/anaconda3/envs/my_ML_env/nltk_data'
    - '/home/waqar/anaconda3/envs/my_ML_env/share/nltk_data'
    - '/home/waqar/anaconda3/envs/my_ML_env/lib/nltk_data'
    - '/usr/share/nltk_data'
    - '/usr/local/share/nltk_data'
    - '/usr/lib/nltk_data'
    - '/usr/local/lib/nltk_data'
**********************************************************************

2025-02-02 09:58:59,195 - INFO - Started monitoring directory: ./input
2025-02-02 09:58:59,195 - ERROR - Monitoring failed: name 'time' is not defined
2025-02-02 09:59:11,565 - INFO - Started monitoring directory: ./input
2025-02-02 09:59:24,268 - INFO - Processing file: ./input/Section 1 Poor Financial.txt
2025-02-02 09:59:27,055 - INFO - Successfully processed file: ./input/Section 1 Poor Financial.txt
2025-02-02 10:03:21,406 - INFO - Started monitoring directory: ./input
2025-02-02 10:03:21,406 - ERROR - Monitoring failed: name 'time' is not defined
2025-02-02 10:03:35,284 - INFO - Started monitoring directory: ./input
2025-02-02 10:03:46,943 - INFO - Processing file: ./input/Section 1 Poor Financial.txt
2025-02-02 10:03:54,561 - ERROR - Failed to process file ./input/Section 1 Poor Financial.txt: Analysis failed: 'list' object has no attribute 'get'
2025-02-02 10:07:46,559 - INFO - Started monitoring directory: ./input
2025-02-02 10:07:54,696 - INFO - Processing file: ./input/requirements.txt
2025-02-02 10:08:20,187 - ERROR - Failed to process file ./input/requirements.txt: Analysis failed: 'list' object has no attribute 'get'
2025-02-02 10:11:02,210 - INFO - Monitoring started: ./input
2025-02-02 10:11:38,867 - INFO - Processing: ./input/Section 1 Poor Financial.txt
2025-02-02 10:12:46,605 - INFO - Monitoring started: ./input
2025-02-02 10:12:56,523 - INFO - Processing: ./input/Section 1 Poor Financial.txt
2025-02-02 10:13:17,726 - ERROR - Error processing ./input/Section 1 Poor Financial.txt: Analysis failed: API call failed for mrm8488/distilroberta-finetuned-financial-news-sentiment-analysis: 500 Server Error: Internal Server Error for url: https://api-inference.huggingface.co/models/mrm8488/distilroberta-finetuned-financial-news-sentiment-analysis
2025-02-02 10:15:45,414 - INFO - Processing: ./input/requirements.txt
2025-02-02 10:16:12,210 - ERROR - Error processing ./input/requirements.txt: Analysis failed: API call failed for mrm8488/distilroberta-finetuned-financial-news-sentiment-analysis: 500 Server Error: Internal Server Error for url: https://api-inference.huggingface.co/models/mrm8488/distilroberta-finetuned-financial-news-sentiment-analysis
2025-02-02 13:29:33,933 - INFO - Monitoring started: ./input
2025-02-02 13:37:46,534 - INFO - Started monitoring directory: ./input
2025-02-02 13:37:55,555 - INFO - Processing file: ./input/Section 1 Poor Financial.txt
2025-02-02 13:38:47,422 - ERROR - Failed to process file ./input/Section 1 Poor Financial.txt: list indices must be integers or slices, not str
2025-02-02 13:42:31,826 - INFO - Started monitoring directory: ./input
2025-02-02 13:42:45,060 - INFO - Processing file: ./input/Section 1 Poor Financial.txt
2025-02-02 13:43:04,144 - ERROR - Failed to process file ./input/Section 1 Poor Financial.txt: list indices must be integers or slices, not str
2025-02-02 13:45:22,076 - INFO - Started monitoring directory: ./input
2025-02-02 13:45:48,622 - INFO - Processing file: ./input/Section 1 Poor Financial.txt
2025-02-02 13:46:00,708 - INFO - Successfully processed file: ./input/Section 1 Poor Financial.txt
2025-02-02 13:50:44,234 - INFO - Started monitoring directory: ./input
2025-02-02 13:50:49,164 - INFO - Processing file: ./input/Section 1 Poor Financial.txt
2025-02-02 13:50:52,937 - ERROR - Failed to process file ./input/Section 1 Poor Financial.txt: 'list' object has no attribute 'get'
2025-02-02 13:53:25,348 - INFO - Started monitoring directory: ./input
2025-02-02 13:53:30,658 - INFO - Processing file: ./input/Section 1 Poor Financial.txt
2025-02-02 13:53:46,116 - INFO - Successfully processed file: ./input/Section 1 Poor Financial.txt
2025-02-02 20:25:11,465 - INFO - Started monitoring directory: ./input
2025-02-02 20:25:23,517 - INFO - Processing file: ./input/Section 1 Poor Financial.txt
2025-02-02 20:25:46,234 - INFO - Successfully processed file: ./input/Section 1 Poor Financial.txt
2025-02-02 20:36:56,698 - INFO - Started monitoring directory: ./input
2025-02-02 20:37:10,757 - INFO - Processing file: ./input/Section 1 Poor Financial.txt
2025-02-02 20:38:11,343 - ERROR - Failed to process file ./input/Section 1 Poor Financial.txt: 'list' object has no attribute 'get'
2025-02-02 20:41:55,557 - INFO - Started monitoring directory: ./input
2025-02-02 20:42:02,134 - INFO - Processing file: ./input/Section 1 Poor Financial.txt
2025-02-02 20:42:26,507 - INFO - Successfully processed file: ./input/Section 1 Poor Financial.txt
2025-02-02 20:48:03,139 - INFO - Started monitoring directory: ./input
2025-02-02 20:48:13,363 - INFO - Processing file: ./input/Section 1 Poor Financial.txt
2025-02-02 20:48:20,920 - INFO - Successfully processed file: ./input/Section 1 Poor Financial.txt
2025-02-02 21:17:26,339 - LegalAutomation - INFO - Processing file: input/Section 1 Poor Financial.txt
2025-02-02 21:17:49,720 - LegalAutomation - ERROR - Error processing file input/Section 1 Poor Financial.txt: 'list' object has no attribute 'get'
Traceback (most recent call last):
  File "/home/waqar/Desktop/legal_automation/legal-automation.py", line 382, in process_file
    analysis = self.analyzer.analyze_text(text)
  File "/home/waqar/Desktop/legal_automation/legal-automation.py", line 221, in analyze_text
    sentiment_score = sentiment_result[0].get('score', 0.0)
AttributeError: 'list' object has no attribute 'get'
2025-02-02 21:17:49,725 - LegalAutomation - INFO - Started monitoring directory: ./input
2025-02-02 21:19:03,881 - LegalAutomation - INFO - Processing file: ./input/Section 1 Poor Financial.txt
2025-02-02 21:19:04,828 - LegalAutomation - ERROR - Error processing file ./input/Section 1 Poor Financial.txt: 'list' object has no attribute 'get'
Traceback (most recent call last):
  File "/home/waqar/Desktop/legal_automation/legal-automation.py", line 382, in process_file
    analysis = self.analyzer.analyze_text(text)
  File "/home/waqar/Desktop/legal_automation/legal-automation.py", line 221, in analyze_text
    sentiment_score = sentiment_result[0].get('score', 0.0)
AttributeError: 'list' object has no attribute 'get'
2025-02-02 21:21:57,295 - INFO - Started monitoring directory: ./input
2025-02-02 21:22:10,306 - INFO - Processing file: ./input/Section 1 Poor Financial.txt
2025-02-02 21:22:39,389 - INFO - Successfully processed file: ./input/Section 1 Poor Financial.txt
2025-02-02 21:41:12,946 - LegalAutomation - INFO - Monitoring started: ./input
2025-02-02 21:41:29,553 - LegalAutomation - INFO - Processing started: ./input/Section 1 Poor Financial.txt
2025-02-02 21:41:37,415 - LegalAutomation - INFO - Successfully processed: ./input/Section 1 Poor Financial.txt
